2026-06-07 13:04:56 [main] INFO  byKeywordDrivenFramework.OrangeHRMLogin - login successfull
2026-06-07 13:04:58 [main] INFO  byKeywordDrivenFramework.OrangeHRMLogin - login successfull
2026-06-07 13:05:01 [main] INFO  byKeywordDrivenFramework.OrangeHRMLogin - login successfull
2026-06-07 13:05:09 [main] INFO  byKeywordDrivenFramework.OrangeHRMLogin - login successfull
2026-06-07 13:05:12 [main] INFO  byKeywordDrivenFramework.OrangeHRMLogin - login successfull
2026-06-07 13:05:15 [main] INFO  byKeywordDrivenFramework.OrangeHRMLogin - login successfull
2026-06-07 13:05:17 [main] INFO  byKeywordDrivenFramework.OrangeHRMLogin - login successfull
2026-06-07 13:05:18 [main] INFO  byKeywordDrivenFramework.OrangeHRMLogin - item added
2026-06-07 13:05:20 [main] INFO  byKeywordDrivenFramework.OrangeHRMLogin - login successfull
2026-06-07 13:05:21 [main] INFO  byKeywordDrivenFramework.OrangeHRMLogin - item added
2026-06-07 13:05:21 [main] INFO  byKeywordDrivenFramework.OrangeHRMLogin - cart page
2026-06-07 13:05:23 [main] INFO  byKeywordDrivenFramework.OrangeHRMLogin - login successfull
2026-06-07 13:05:24 [main] INFO  byKeywordDrivenFramework.OrangeHRMLogin - item added
2026-06-07 13:06:23 [main] INFO  byKeywordDrivenFramework.OrangeHRMLogin - login successfull
2026-06-07 13:06:26 [main] INFO  byKeywordDrivenFramework.OrangeHRMLogin - login successfull
2026-06-07 13:06:28 [main] INFO  byKeywordDrivenFramework.OrangeHRMLogin - login successfull
2026-06-07 13:06:36 [main] INFO  byKeywordDrivenFramework.OrangeHRMLogin - login successfull
2026-06-07 13:06:39 [main] INFO  byKeywordDrivenFramework.OrangeHRMLogin - login successfull
2026-06-07 13:06:42 [main] INFO  byKeywordDrivenFramework.OrangeHRMLogin - login successfull
2026-06-07 13:06:44 [main] INFO  byKeywordDrivenFramework.OrangeHRMLogin - login successfull
2026-06-07 13:06:45 [main] INFO  byKeywordDrivenFramework.OrangeHRMLogin - item added
2026-06-07 13:06:47 [main] INFO  byKeywordDrivenFramework.OrangeHRMLogin - login successfull
2026-06-07 13:06:48 [main] INFO  byKeywordDrivenFramework.OrangeHRMLogin - item added
2026-06-07 13:06:50 [main] INFO  byKeywordDrivenFramework.OrangeHRMLogin - login successfull
2026-06-07 13:06:51 [main] INFO  byKeywordDrivenFramework.OrangeHRMLogin - item added
2026-06-07 13:06:53 [main] INFO  byKeywordDrivenFramework.OrangeHRMLogin - login successfull
2026-06-07 13:06:54 [main] INFO  byKeywordDrivenFramework.OrangeHRMLogin - item added
2026-06-07 13:06:56 [main] INFO  byKeywordDrivenFramework.OrangeHRMLogin - login successfull
2026-06-07 13:06:57 [main] INFO  byKeywordDrivenFramework.OrangeHRMLogin - item added
2026-06-07 13:07:17 [main] INFO  byKeywordDrivenFramework.OrangeHRMLogin - login successfull
2026-06-07 13:07:17 [main] INFO  byKeywordDrivenFramework.OrangeHRMLogin - item added
2026-06-07 13:07:27 [main] INFO  byKeywordDrivenFramework.OrangeHRMLogin - login successfull
2026-06-07 13:07:27 [main] INFO  byKeywordDrivenFramework.OrangeHRMLogin - item added
2026-06-07 13:08:32 [main] INFO  byKeywordDrivenFramework.OrangeHRMLogin - login successfull
2026-06-07 13:08:32 [main] INFO  byKeywordDrivenFramework.OrangeHRMLogin - item added
2026-06-07 13:10:40 [main] INFO  byKeywordDrivenFramework.OrangeHRMLogin - login successfull
2026-06-07 13:10:40 [main] INFO  byKeywordDrivenFramework.OrangeHRMLogin - item added
2026-06-07 13:13:45 [main] INFO  byKeywordDrivenFramework.OrangeHRMLogin - login successfull
2026-06-07 13:13:45 [main] INFO  byKeywordDrivenFramework.OrangeHRMLogin - item added
2026-06-07 13:14:55 [main] INFO  byKeywordDrivenFramework.OrangeHRMLogin - login successfull
2026-06-07 13:14:56 [main] INFO  byKeywordDrivenFramework.OrangeHRMLogin - item added
2026-06-07 13:16:22 [main] INFO  byKeywordDrivenFramework.OrangeHRMLogin - login successfull
2026-06-07 13:16:22 [main] INFO  byKeywordDrivenFramework.OrangeHRMLogin - item added
2026-06-07 13:16:23 [main] INFO  byKeywordDrivenFramework.OrangeHRMLogin - cart page
2026-06-07 13:16:37 [main] INFO  byKeywordDrivenFramework.OrangeHRMLogin - login successfull
2026-06-07 13:16:40 [main] INFO  byKeywordDrivenFramework.OrangeHRMLogin - login successfull
2026-06-07 13:16:43 [main] INFO  byKeywordDrivenFramework.OrangeHRMLogin - login successfull
2026-06-07 13:16:50 [main] INFO  byKeywordDrivenFramework.OrangeHRMLogin - login successfull
2026-06-07 13:16:53 [main] INFO  byKeywordDrivenFramework.OrangeHRMLogin - login successfull
2026-06-07 13:16:56 [main] INFO  byKeywordDrivenFramework.OrangeHRMLogin - login successfull
2026-06-07 13:16:59 [main] INFO  byKeywordDrivenFramework.OrangeHRMLogin - login successfull
2026-06-07 13:16:59 [main] INFO  byKeywordDrivenFramework.OrangeHRMLogin - item added
2026-06-07 13:17:02 [main] INFO  byKeywordDrivenFramework.OrangeHRMLogin - login successfull
2026-06-07 13:17:02 [main] INFO  byKeywordDrivenFramework.OrangeHRMLogin - item added
2026-06-07 13:18:05 [main] INFO  byKeywordDrivenFramework.OrangeHRMLogin - login successfull
2026-06-07 13:18:06 [main] INFO  byKeywordDrivenFramework.OrangeHRMLogin - item added
2026-06-07 13:19:09 [main] INFO  byKeywordDrivenFramework.OrangeHRMLogin - login successfull
2026-06-07 13:19:09 [main] INFO  byKeywordDrivenFramework.OrangeHRMLogin - item added
2026-06-07 13:20:12 [main] INFO  byKeywordDrivenFramework.OrangeHRMLogin - login successfull
2026-06-07 13:20:12 [main] INFO  byKeywordDrivenFramework.OrangeHRMLogin - item added
2026-06-07 13:34:50 [main] INFO  byKeywordDrivenFramework.OrangeHRMLogin - login successfull
2026-06-07 13:34:53 [main] INFO  byKeywordDrivenFramework.OrangeHRMLogin - login successfull
2026-06-07 13:34:56 [main] INFO  byKeywordDrivenFramework.OrangeHRMLogin - login successfull
2026-06-07 13:35:04 [main] INFO  byKeywordDrivenFramework.OrangeHRMLogin - login successfull
2026-06-07 13:35:07 [main] INFO  byKeywordDrivenFramework.OrangeHRMLogin - login successfull
2026-06-07 13:35:10 [main] INFO  byKeywordDrivenFramework.OrangeHRMLogin - login successfull
2026-06-07 13:35:13 [main] INFO  byKeywordDrivenFramework.OrangeHRMLogin - login successfull
2026-06-07 13:35:13 [main] INFO  byKeywordDrivenFramework.OrangeHRMLogin - item added
2026-06-07 13:35:16 [main] INFO  byKeywordDrivenFramework.OrangeHRMLogin - login successfull
2026-06-07 13:35:16 [main] INFO  byKeywordDrivenFramework.OrangeHRMLogin - item added
2026-06-07 13:37:08 [main] INFO  byKeywordDrivenFramework.OrangeHRMLogin - login successfull
2026-06-07 13:37:11 [main] INFO  byKeywordDrivenFramework.OrangeHRMLogin - login successfull
2026-06-07 13:37:14 [main] INFO  byKeywordDrivenFramework.OrangeHRMLogin - login successfull
2026-06-07 13:37:22 [main] INFO  byKeywordDrivenFramework.OrangeHRMLogin - login successfull
2026-06-07 13:37:25 [main] INFO  byKeywordDrivenFramework.OrangeHRMLogin - login successfull
2026-06-07 13:37:27 [main] INFO  byKeywordDrivenFramework.OrangeHRMLogin - login successfull
2026-06-07 13:39:35 [main] INFO  byKeywordDrivenFramework.OrangeHRMLogin - login successfull
2026-06-07 13:39:38 [main] INFO  byKeywordDrivenFramework.OrangeHRMLogin - login successfull
2026-06-07 13:39:46 [main] INFO  byKeywordDrivenFramework.OrangeHRMLogin - login successfull
2026-06-07 13:39:49 [main] INFO  byKeywordDrivenFramework.OrangeHRMLogin - login successfull
2026-06-07 13:39:52 [main] INFO  byKeywordDrivenFramework.OrangeHRMLogin - login successfull
2026-06-07 13:46:12 [main] INFO  byKeywordDrivenFramework.OrangeHRMLogin - login successfull
2026-06-07 13:46:12 [main] INFO  byKeywordDrivenFramework.OrangeHRMLogin - item added
2026-06-07 13:47:16 [main] INFO  byKeywordDrivenFramework.OrangeHRMLogin - login successfull
2026-06-07 13:47:16 [main] INFO  byKeywordDrivenFramework.OrangeHRMLogin - item added
2026-06-07 13:47:16 [main] INFO  byKeywordDrivenFramework.OrangeHRMLogin - cart page
2026-06-07 13:47:24 [main] INFO  byKeywordDrivenFramework.OrangeHRMLogin - login successfull
2026-06-07 13:47:25 [main] INFO  byKeywordDrivenFramework.OrangeHRMLogin - item added
2026-06-07 13:47:25 [main] INFO  byKeywordDrivenFramework.OrangeHRMLogin - cart page
2026-06-07 13:47:28 [main] INFO  byKeywordDrivenFramework.OrangeHRMLogin - login successfull
2026-06-07 13:47:28 [main] INFO  byKeywordDrivenFramework.OrangeHRMLogin - item added
2026-06-07 13:48:31 [main] INFO  byKeywordDrivenFramework.OrangeHRMLogin - login successfull
2026-06-07 13:48:31 [main] INFO  byKeywordDrivenFramework.OrangeHRMLogin - item added
2026-06-07 14:01:36 [main] INFO  byKeywordDrivenFramework.OrangeHRMLogin - login successfull
2026-06-07 14:01:39 [main] INFO  byKeywordDrivenFramework.OrangeHRMLogin - login successfull
2026-06-07 14:01:41 [main] INFO  byKeywordDrivenFramework.OrangeHRMLogin - login successfull
2026-06-07 14:01:49 [main] INFO  byKeywordDrivenFramework.OrangeHRMLogin - login successfull
2026-06-07 14:01:54 [main] INFO  byKeywordDrivenFramework.OrangeHRMLogin - login successfull
2026-06-07 14:01:57 [main] INFO  byKeywordDrivenFramework.OrangeHRMLogin - login successfull
2026-06-07 14:02:00 [main] INFO  byKeywordDrivenFramework.OrangeHRMLogin - login successfull
2026-06-07 14:02:01 [main] INFO  byKeywordDrivenFramework.OrangeHRMLogin - item added
2026-06-07 14:02:04 [main] INFO  byKeywordDrivenFramework.OrangeHRMLogin - login successfull
2026-06-07 14:02:04 [main] INFO  byKeywordDrivenFramework.OrangeHRMLogin - item added
2026-06-07 14:02:04 [main] INFO  byKeywordDrivenFramework.OrangeHRMLogin - cart page
2026-06-07 14:02:07 [main] INFO  byKeywordDrivenFramework.OrangeHRMLogin - login successfull
2026-06-07 14:02:07 [main] INFO  byKeywordDrivenFramework.OrangeHRMLogin - item added
2026-06-07 14:02:07 [main] INFO  byKeywordDrivenFramework.OrangeHRMLogin - cart page
2026-06-07 14:02:10 [main] INFO  byKeywordDrivenFramework.OrangeHRMLogin - login successfull
2026-06-07 14:02:10 [main] INFO  byKeywordDrivenFramework.OrangeHRMLogin - item added
2026-06-07 14:03:14 [main] INFO  byKeywordDrivenFramework.OrangeHRMLogin - login successfull
2026-06-07 14:03:14 [main] INFO  byKeywordDrivenFramework.OrangeHRMLogin - item added
2026-06-07 14:08:44 [main] INFO  byKeywordDrivenFramework.OrangeHRMLogin - login successfull
2026-06-07 14:08:45 [main] INFO  byKeywordDrivenFramework.OrangeHRMLogin - item added
2026-06-07 22:29:10 [main] INFO  byKeywordDrivenFramework.OrangeHRMLogin - https://www.saucedemo.com/inventory.html
2026-06-07 22:30:43 [main] INFO  byKeywordDrivenFramework.OrangeHRMLogin - https://www.saucedemo.com/inventory.html
2026-06-07 22:30:46 [main] INFO  byKeywordDrivenFramework.OrangeHRMLogin - https://www.saucedemo.com/inventory.html
2026-06-07 22:30:49 [main] INFO  byKeywordDrivenFramework.OrangeHRMLogin - https://www.saucedemo.com/inventory.html
2026-06-07 22:41:05 [main] INFO  byKeywordDrivenFramework.OrangeHRMLogin - https://www.saucedemo.com/inventory.html
2026-06-07 22:43:30 [main] INFO  byKeywordDrivenFramework.OrangeHRMLogin - login successfull
2026-06-07 22:47:27 [main] INFO  byKeywordDrivenFramework.OrangeHRMLogin - login successfull
2026-06-07 23:00:12 [main] INFO  byKeywordDrivenFramework.OrangeHRMLogin - login successfull
2026-06-07 23:00:16 [main] INFO  byKeywordDrivenFramework.OrangeHRMLogin - item added
2026-06-07 23:01:59 [main] INFO  byKeywordDrivenFramework.OrangeHRMLogin - login successfull
2026-06-07 23:02:02 [main] INFO  byKeywordDrivenFramework.OrangeHRMLogin - item added
2026-06-07 23:03:12 [main] INFO  byKeywordDrivenFramework.OrangeHRMLogin - login successfull
2026-06-07 23:03:15 [main] INFO  byKeywordDrivenFramework.OrangeHRMLogin - item added
2026-06-07 23:09:37 [main] INFO  byKeywordDrivenFramework.OrangeHRMLogin - login successfull
2026-06-07 23:09:40 [main] INFO  byKeywordDrivenFramework.OrangeHRMLogin - item added
2026-06-07 23:09:56 [main] INFO  byKeywordDrivenFramework.OrangeHRMLogin - login successfull
2026-06-07 23:09:59 [main] INFO  byKeywordDrivenFramework.OrangeHRMLogin - item added
2026-06-07 23:10:16 [main] INFO  byKeywordDrivenFramework.OrangeHRMLogin - login successfull
2026-06-07 23:10:19 [main] INFO  byKeywordDrivenFramework.OrangeHRMLogin - item added
2026-06-07 23:12:23 [main] INFO  byKeywordDrivenFramework.OrangeHRMLogin - login successfull
2026-06-07 23:12:26 [main] INFO  byKeywordDrivenFramework.OrangeHRMLogin - item added
2026-06-07 23:23:05 [main] INFO  byKeywordDrivenFramework.OrangeHRMLogin - https://www.saucedemo.com/inventory.html
2026-06-07 23:23:54 [main] INFO  byKeywordDrivenFramework.OrangeHRMLogin - https://www.saucedemo.com/inventory.html
2026-06-07 23:25:47 [main] INFO  byKeywordDrivenFramework.OrangeHRMLogin - https://www.saucedemo.com/inventory.html
2026-06-09 15:28:25 [main] INFO  byKeywordDrivenFramework.OrangeHRMLogin - https://www.saucedemo.com/inventory.html
2026-06-09 15:35:16 [main] INFO  byKeywordDrivenFramework.OrangeHRMLogin - https://www.saucedemo.com/inventory.html
2026-06-10 13:54:06 [main] INFO  byKeywordDrivenFramework.OrangeHRMLogin - https://www.saucedemo.com/inventory.html
2026-06-10 13:54:09 [main] INFO  byKeywordDrivenFramework.OrangeHRMLogin - products added to cart 
2026-06-10 13:54:09 [main] INFO  byKeywordDrivenFramework.OrangeHRMLogin - cart page chheck
2026-06-10 13:54:10 [main] INFO  byKeywordDrivenFramework.OrangeHRMLogin - personal details added
2026-06-10 13:55:47 [main] INFO  byKeywordDrivenFramework.OrangeHRMLogin - https://www.saucedemo.com/inventory.html
2026-06-10 13:55:51 [main] INFO  byKeywordDrivenFramework.OrangeHRMLogin - products added to cart 
2026-06-10 13:55:51 [main] INFO  byKeywordDrivenFramework.OrangeHRMLogin - cart page chheck
2026-06-10 13:55:51 [main] INFO  byKeywordDrivenFramework.OrangeHRMLogin - personal details added
2026-06-10 13:56:22 [main] INFO  byKeywordDrivenFramework.OrangeHRMLogin - https://www.saucedemo.com/inventory.html
2026-06-10 13:56:25 [main] INFO  byKeywordDrivenFramework.OrangeHRMLogin - products added to cart 
2026-06-10 13:56:25 [main] INFO  byKeywordDrivenFramework.OrangeHRMLogin - cart page chheck
2026-06-10 13:56:26 [main] INFO  byKeywordDrivenFramework.OrangeHRMLogin - personal details added
2026-06-10 13:58:59 [main] INFO  byKeywordDrivenFramework.OrangeHRMLogin - https://www.saucedemo.com/inventory.html
2026-06-10 13:59:02 [main] INFO  byKeywordDrivenFramework.OrangeHRMLogin - products added to cart 
2026-06-10 13:59:03 [main] INFO  byKeywordDrivenFramework.OrangeHRMLogin - cart page chheck
2026-06-10 13:59:03 [main] INFO  byKeywordDrivenFramework.OrangeHRMLogin - personal details added
2026-06-10 14:37:36 [main] INFO  byKeywordDrivenFramework.OrangeHRMLogin - https://www.saucedemo.com/inventory.html
2026-06-10 14:37:39 [main] INFO  byKeywordDrivenFramework.OrangeHRMLogin - products added to cart 
2026-06-10 14:37:39 [main] INFO  byKeywordDrivenFramework.OrangeHRMLogin - cart page chheck
2026-06-10 14:37:39 [main] INFO  byKeywordDrivenFramework.OrangeHRMLogin - personal details added
2026-06-10 14:38:17 [main] INFO  byKeywordDrivenFramework.OrangeHRMLogin - https://www.saucedemo.com/inventory.html
2026-06-10 14:38:20 [main] INFO  byKeywordDrivenFramework.OrangeHRMLogin - products added to cart 
2026-06-10 14:38:20 [main] INFO  byKeywordDrivenFramework.OrangeHRMLogin - cart page chheck
2026-06-10 14:38:20 [main] INFO  byKeywordDrivenFramework.OrangeHRMLogin - personal details added
2026-06-10 14:39:01 [main] INFO  byKeywordDrivenFramework.OrangeHRMLogin - https://www.saucedemo.com/inventory.html
2026-06-10 14:39:05 [main] INFO  byKeywordDrivenFramework.OrangeHRMLogin - products added to cart 
2026-06-10 14:39:05 [main] INFO  byKeywordDrivenFramework.OrangeHRMLogin - cart page chheck
2026-06-10 14:39:05 [main] INFO  byKeywordDrivenFramework.OrangeHRMLogin - personal details added
2026-06-10 14:39:31 [main] INFO  byKeywordDrivenFramework.OrangeHRMLogin - https://www.saucedemo.com/inventory.html
2026-06-10 14:39:35 [main] INFO  byKeywordDrivenFramework.OrangeHRMLogin - products added to cart 
2026-06-10 14:39:35 [main] INFO  byKeywordDrivenFramework.OrangeHRMLogin - cart page chheck
2026-06-10 14:39:35 [main] INFO  byKeywordDrivenFramework.OrangeHRMLogin - personal details added
2026-06-10 14:43:01 [main] INFO  byKeywordDrivenFramework.OrangeHRMLogin - https://www.saucedemo.com/inventory.html
2026-06-10 14:43:04 [main] INFO  byKeywordDrivenFramework.OrangeHRMLogin - products added to cart 
2026-06-10 14:43:05 [main] INFO  byKeywordDrivenFramework.OrangeHRMLogin - cart page chheck
2026-06-10 14:43:05 [main] INFO  byKeywordDrivenFramework.OrangeHRMLogin - personal details added
2026-06-10 14:43:36 [main] INFO  byKeywordDrivenFramework.OrangeHRMLogin - https://www.saucedemo.com/inventory.html
2026-06-10 14:43:40 [main] INFO  byKeywordDrivenFramework.OrangeHRMLogin - products added to cart 
2026-06-10 14:43:40 [main] INFO  byKeywordDrivenFramework.OrangeHRMLogin - cart page chheck
2026-06-10 14:43:40 [main] INFO  byKeywordDrivenFramework.OrangeHRMLogin - personal details added
2026-06-10 14:48:21 [main] INFO  byPageObjectModel.SwagLabByPOM - https://www.saucedemo.com/inventory.html
2026-06-10 14:48:21 [main] INFO  byPageObjectModel.SwagLabByPOM - products added to cart 
2026-06-10 14:48:21 [main] INFO  byPageObjectModel.SwagLabByPOM - cart page chheck
2026-06-10 14:48:21 [main] INFO  byPageObjectModel.SwagLabByPOM - personal details added
2026-06-10 14:48:59 [main] INFO  byPageObjectModel.SwagLabByPOM - https://www.saucedemo.com/inventory.html
2026-06-10 14:48:59 [main] INFO  byPageObjectModel.SwagLabByPOM - products added to cart 
2026-06-10 14:48:59 [main] INFO  byPageObjectModel.SwagLabByPOM - cart page chheck
2026-06-10 14:48:59 [main] INFO  byPageObjectModel.SwagLabByPOM - personal details added
2026-06-10 15:28:59 [main] INFO  byKeywordDrivenFramework.SwagLabPage - login successfull
2026-06-10 15:29:02 [main] INFO  byKeywordDrivenFramework.SwagLabPage - item added
2026-06-10 15:30:11 [main] INFO  pages.LoginPage - Products
2026-06-10 15:30:13 [main] INFO  byPageObjectModel.SwagLabByPOM - https://www.saucedemo.com/inventory.html
2026-06-10 15:30:13 [main] INFO  byPageObjectModel.SwagLabByPOM - products added to cart 
2026-06-10 15:30:14 [main] INFO  pages.CartPage - Checkout: Your Information
2026-06-10 15:30:14 [main] INFO  byPageObjectModel.SwagLabByPOM - cart page chheck
2026-06-11 11:38:45 [main] INFO  byKeywordDrivenFramework.SwagLabPage - login successfull
2026-06-11 11:38:49 [main] INFO  byKeywordDrivenFramework.SwagLabPage - item added
2026-06-11 11:41:26 [main] INFO  byKeywordDrivenFramework.SwagLabPage - login successfull
2026-06-11 11:41:29 [main] INFO  byKeywordDrivenFramework.SwagLabPage - item added
2026-06-11 11:47:57 [main] INFO  byKeywordDrivenFramework.SwagLabPage - login successfull
2026-06-11 11:48:00 [main] INFO  byKeywordDrivenFramework.SwagLabPage - item added
2026-06-11 11:49:23 [main] INFO  byKeywordDrivenFramework.SwagLabPage - login successfull
2026-06-11 11:49:26 [main] INFO  byKeywordDrivenFramework.SwagLabPage - item added
